25-Apr-2024 15:25:29.265 INFO [main] jdk.internal.reflect.NativeMethodAccessorImpl.invoke Server version name:   Apache Tomcat/9.0.56
25-Apr-2024 15:25:29.273 INFO [main] jdk.internal.reflect.NativeMethodAccessorImpl.invoke Server built:          Dec 2 2021 14:30:07 UTC
25-Apr-2024 15:25:29.274 INFO [main] jdk.internal.reflect.NativeMethodAccessorImpl.invoke Server version number: 9.0.56.0
25-Apr-2024 15:25:29.274 INFO [main] jdk.internal.reflect.NativeMethodAccessorImpl.invoke OS Name:               Linux
25-Apr-2024 15:25:29.275 INFO [main] jdk.internal.reflect.NativeMethodAccessorImpl.invoke OS Version:            6.2.0-39-generic
25-Apr-2024 15:25:29.275 INFO [main] jdk.internal.reflect.NativeMethodAccessorImpl.invoke Architecture:          amd64
25-Apr-2024 15:25:29.277 INFO [main] jdk.internal.reflect.NativeMethodAccessorImpl.invoke Java Home:             /usr/lib/jvm/java-17-openjdk-amd64
25-Apr-2024 15:25:29.277 INFO [main] jdk.internal.reflect.NativeMethodAccessorImpl.invoke JVM Version:           17.0.9+9-Ubuntu-123.04
25-Apr-2024 15:25:29.277 INFO [main] jdk.internal.reflect.NativeMethodAccessorImpl.invoke JVM Vendor:            Private Build
25-Apr-2024 15:25:29.278 INFO [main] jdk.internal.reflect.NativeMethodAccessorImpl.invoke CATALINA_BASE:         /home/jenkins/Desktop/FORMATION/hello/target/apache-tomee
25-Apr-2024 15:25:29.278 INFO [main] jdk.internal.reflect.NativeMethodAccessorImpl.invoke CATALINA_HOME:         /home/jenkins/Desktop/FORMATION/hello/target/apache-tomee
25-Apr-2024 15:25:29.291 INFO [main] jdk.internal.reflect.NativeMethodAccessorImpl.invoke Command line argument: -XX:+HeapDumpOnOutOfMemoryError
25-Apr-2024 15:25:29.291 INFO [main] jdk.internal.reflect.NativeMethodAccessorImpl.invoke Command line argument: -Dorg.apache.catalina.STRICT_SERVLET_COMPLIANCE=false
25-Apr-2024 15:25:29.291 INFO [main] jdk.internal.reflect.NativeMethodAccessorImpl.invoke Command line argument: -Dopenejb.session.manager=org.apache.tomee.catalina.session.QuickSessionManager
25-Apr-2024 15:25:29.291 INFO [main] jdk.internal.reflect.NativeMethodAccessorImpl.invoke Command line argument: -Dtomee.remote.support=true
25-Apr-2024 15:25:29.292 INFO [main] jdk.internal.reflect.NativeMethodAccessorImpl.invoke Command line argument: -Dopenejb.system.apps=false
25-Apr-2024 15:25:29.292 INFO [main] jdk.internal.reflect.DelegatingMethodAccessorImpl.invoke Command line argument: -Dtomee.jsp-development=true
25-Apr-2024 15:25:29.293 INFO [main] jdk.internal.reflect.DelegatingMethodAccessorImpl.invoke Command line argument: -Djava.util.logging.config.file=/home/jenkins/Desktop/FORMATION/hello/target/apache-tomee/conf/logging.properties
25-Apr-2024 15:25:29.293 INFO [main] jdk.internal.reflect.DelegatingMethodAccessorImpl.invoke Command line argument: -javaagent:/home/jenkins/Desktop/FORMATION/hello/target/apache-tomee/lib/openejb-javaagent.jar
25-Apr-2024 15:25:29.293 INFO [main] jdk.internal.reflect.DelegatingMethodAccessorImpl.invoke Command line argument: -Djava.util.logging.manager=org.apache.juli.ClassLoaderLogManager
25-Apr-2024 15:25:29.293 INFO [main] jdk.internal.reflect.DelegatingMethodAccessorImpl.invoke Command line argument: -Djava.io.tmpdir=/home/jenkins/Desktop/FORMATION/hello/target/apache-tomee/temp
25-Apr-2024 15:25:29.293 INFO [main] jdk.internal.reflect.DelegatingMethodAccessorImpl.invoke Command line argument: -Dcatalina.base=/home/jenkins/Desktop/FORMATION/hello/target/apache-tomee
25-Apr-2024 15:25:29.293 INFO [main] jdk.internal.reflect.DelegatingMethodAccessorImpl.invoke Command line argument: -Dcatalina.home=/home/jenkins/Desktop/FORMATION/hello/target/apache-tomee
25-Apr-2024 15:25:29.294 INFO [main] jdk.internal.reflect.DelegatingMethodAccessorImpl.invoke Command line argument: -Dcatalina.ext.dirs=/home/jenkins/Desktop/FORMATION/hello/target/apache-tomee/lib
25-Apr-2024 15:25:29.294 INFO [main] jdk.internal.reflect.DelegatingMethodAccessorImpl.invoke Command line argument: -Dorg.apache.tomcat.util.http.ServerCookie.ALLOW_HTTP_SEPARATORS_IN_V0=true
25-Apr-2024 15:25:29.294 INFO [main] jdk.internal.reflect.DelegatingMethodAccessorImpl.invoke Command line argument: -ea
25-Apr-2024 15:25:29.318 INFO [main] jdk.internal.reflect.DelegatingMethodAccessorImpl.invoke The Apache Tomcat Native library which allows using OpenSSL was not found on the java.library.path: [/usr/java/packages/lib:/usr/lib/x86_64-linux-gnu/jni:/lib/x86_64-linux-gnu:/usr/lib/x86_64-linux-gnu:/usr/lib/jni:/lib:/usr/lib]
25-Apr-2024 15:25:30.165 INFO [main] jdk.internal.reflect.DelegatingMethodAccessorImpl.invoke Initializing ProtocolHandler ["http-nio-8080"]
25-Apr-2024 15:25:30.249 SEVERE [main] jdk.internal.reflect.NativeMethodAccessorImpl.invoke Failed to initialize component [Connector[HTTP/1.1-8080]]
	org.apache.catalina.LifecycleException: Protocol handler initialization failed
		at org.apache.catalina.connector.Connector.initInternal(Connector.java:1049)
		at org.apache.catalina.util.LifecycleBase.init(LifecycleBase.java:136)
		at org.apache.catalina.core.StandardService.initInternal(StandardService.java:556)
		at org.apache.catalina.util.LifecycleBase.init(LifecycleBase.java:136)
		at org.apache.catalina.core.StandardServer.initInternal(StandardServer.java:1042)
		at org.apache.catalina.util.LifecycleBase.init(LifecycleBase.java:136)
		at org.apache.catalina.startup.Catalina.load(Catalina.java:724)
		at org.apache.catalina.startup.Catalina.load(Catalina.java:746)
		at java.base/jdk.internal.reflect.NativeMethodAccessorImpl.invoke0(Native Method)
		at java.base/jdk.internal.reflect.NativeMethodAccessorImpl.invoke(NativeMethodAccessorImpl.java:77)
		at java.base/jdk.internal.reflect.DelegatingMethodAccessorImpl.invoke(DelegatingMethodAccessorImpl.java:43)
		at java.base/java.lang.reflect.Method.invoke(Method.java:568)
		at org.apache.catalina.startup.Bootstrap.load(Bootstrap.java:305)
		at org.apache.catalina.startup.Bootstrap.main(Bootstrap.java:475)
	Caused by: java.net.BindException: Address already in use
		at java.base/sun.nio.ch.Net.bind0(Native Method)
		at java.base/sun.nio.ch.Net.bind(Net.java:555)
		at java.base/sun.nio.ch.ServerSocketChannelImpl.netBind(ServerSocketChannelImpl.java:337)
		at java.base/sun.nio.ch.ServerSocketChannelImpl.bind(ServerSocketChannelImpl.java:294)
		at org.apache.tomcat.util.net.NioEndpoint.initServerSocket(NioEndpoint.java:273)
		at org.apache.tomcat.util.net.NioEndpoint.bind(NioEndpoint.java:228)
		at org.apache.tomcat.util.net.AbstractEndpoint.bindWithCleanup(AbstractEndpoint.java:1213)
		at org.apache.tomcat.util.net.AbstractEndpoint.init(AbstractEndpoint.java:1226)
		at org.apache.coyote.AbstractProtocol.init(AbstractProtocol.java:603)
		at org.apache.coyote.http11.AbstractHttp11Protocol.init(AbstractHttp11Protocol.java:80)
		at org.apache.catalina.connector.Connector.initInternal(Connector.java:1046)
		... 13 more
25-Apr-2024 15:25:30.728 INFO [main] org.apache.openejb.util.OptionsLog.info Using 'tomee.remote.support=true'
25-Apr-2024 15:25:30.733 INFO [main] org.apache.openejb.util.OptionsLog.info Using 'openejb.jdbc.datasource-creator=org.apache.tomee.jdbc.TomEEDataSourceCreator'
25-Apr-2024 15:25:30.863 INFO [main] org.apache.openejb.OpenEJB$Instance.<init> ********************************************************************************
25-Apr-2024 15:25:30.864 INFO [main] org.apache.openejb.OpenEJB$Instance.<init> OpenEJB http://tomee.apache.org/
25-Apr-2024 15:25:30.864 INFO [main] org.apache.openejb.OpenEJB$Instance.<init> Startup: Thu Apr 25 15:25:30 WAT 2024
25-Apr-2024 15:25:30.864 INFO [main] org.apache.openejb.OpenEJB$Instance.<init> Copyright 1999-2021 (C) Apache TomEE Project, All Rights Reserved.
25-Apr-2024 15:25:30.870 INFO [main] org.apache.openejb.OpenEJB$Instance.<init> Version: 8.0.9
25-Apr-2024 15:25:30.870 INFO [main] org.apache.openejb.OpenEJB$Instance.<init> Build date: 20211223
25-Apr-2024 15:25:30.870 INFO [main] org.apache.openejb.OpenEJB$Instance.<init> Build time: 12:34
25-Apr-2024 15:25:30.871 INFO [main] org.apache.openejb.OpenEJB$Instance.<init> ********************************************************************************
25-Apr-2024 15:25:30.871 INFO [main] org.apache.openejb.OpenEJB$Instance.<init> openejb.home = /home/jenkins/Desktop/FORMATION/hello/target/apache-tomee
25-Apr-2024 15:25:30.872 INFO [main] org.apache.openejb.OpenEJB$Instance.<init> openejb.base = /home/jenkins/Desktop/FORMATION/hello/target/apache-tomee
25-Apr-2024 15:25:30.874 INFO [main] org.apache.openejb.cdi.CdiBuilder.initializeOWB Created new singletonService org.apache.openejb.cdi.ThreadSingletonServiceImpl@4f25b795
25-Apr-2024 15:25:30.888 INFO [main] org.apache.openejb.cdi.CdiBuilder.initializeOWB Succeeded in installing singleton service
25-Apr-2024 15:25:30.955 INFO [main] org.apache.openejb.config.ConfigurationFactory.init TomEE configuration file is '/home/jenkins/Desktop/FORMATION/hello/target/apache-tomee/conf/tomee.xml'
25-Apr-2024 15:25:31.039 INFO [main] org.apache.openejb.config.ConfigurationFactory.configureService Configuring Service(id=Tomcat Security Service, type=SecurityService, provider-id=Tomcat Security Service)
25-Apr-2024 15:25:31.064 INFO [main] org.apache.openejb.config.ConfigurationFactory.configureService Configuring Service(id=Default Transaction Manager, type=TransactionManager, provider-id=Default Transaction Manager)
25-Apr-2024 15:25:31.065 INFO [main] org.apache.openejb.util.OptionsLog.info Using 'openejb.system.apps=false'
25-Apr-2024 15:25:31.066 INFO [main] org.apache.openejb.util.OptionsLog.info Using 'openejb.deployments.classpath=false'
25-Apr-2024 15:25:31.129 INFO [main] org.apache.openejb.assembler.classic.Assembler.createRecipe Creating TransactionManager(id=Default Transaction Manager)
25-Apr-2024 15:25:31.199 INFO [main] org.apache.openejb.assembler.classic.Assembler.createRecipe Creating SecurityService(id=Tomcat Security Service)
25-Apr-2024 15:25:31.429 INFO [main] org.apache.openejb.server.ServiceManager.initServer Creating ServerService(id=cxf)
25-Apr-2024 15:25:31.797 INFO [main] org.apache.openejb.server.ServiceManager.initServer Creating ServerService(id=cxf-rs)
25-Apr-2024 15:25:31.884 INFO [main] org.apache.openejb.server.SimpleServiceManager.start   ** Bound Services **
25-Apr-2024 15:25:31.885 INFO [main] org.apache.openejb.server.SimpleServiceManager.printRow   NAME                 IP              PORT  
25-Apr-2024 15:25:31.886 INFO [main] org.apache.openejb.server.SimpleServiceManager.start -------
25-Apr-2024 15:25:31.888 INFO [main] org.apache.openejb.server.SimpleServiceManager.start Ready!
25-Apr-2024 15:25:31.888 INFO [main] jdk.internal.reflect.DelegatingMethodAccessorImpl.invoke Server initialization in [3039] milliseconds
25-Apr-2024 15:25:32.031 INFO [main] org.apache.tomee.catalina.OpenEJBNamingContextListener.bindResource Importing a Tomcat Resource with id 'UserDatabase' of type 'org.apache.catalina.UserDatabase'.
25-Apr-2024 15:25:32.032 INFO [main] org.apache.openejb.assembler.classic.Assembler.createRecipe Creating Resource(id=UserDatabase)
25-Apr-2024 15:25:32.101 INFO [main] jdk.internal.reflect.DelegatingMethodAccessorImpl.invoke Starting service [Catalina]
25-Apr-2024 15:25:32.102 INFO [main] jdk.internal.reflect.DelegatingMethodAccessorImpl.invoke Starting Servlet engine: [Apache Tomcat/9.0.56]
25-Apr-2024 15:25:32.119 INFO [main] jdk.internal.reflect.DelegatingMethodAccessorImpl.invoke Deploying web application archive [/home/jenkins/Desktop/FORMATION/hello/target/apache-tomee/webapps/hello-0.0.1-SNAPSHOT.war]
25-Apr-2024 15:25:32.145 INFO [main] org.apache.tomee.catalina.TomcatWebAppBuilder.init ------------------------- localhost -> /hello-0.0.1-SNAPSHOT
25-Apr-2024 15:25:32.148 INFO [main] org.apache.openejb.util.JarExtractor.extract Extracting jar: /home/jenkins/Desktop/FORMATION/hello/target/apache-tomee/webapps/hello-0.0.1-SNAPSHOT.war
25-Apr-2024 15:25:32.154 INFO [main] org.apache.openejb.util.JarExtractor.extract Extracted path: /home/jenkins/Desktop/FORMATION/hello/target/apache-tomee/webapps/hello-0.0.1-SNAPSHOT
25-Apr-2024 15:25:32.176 INFO [main] org.apache.openejb.util.OptionsLog.info Using 'openejb.session.manager=org.apache.tomee.catalina.session.QuickSessionManager'
25-Apr-2024 15:25:32.492 INFO [main] org.apache.openejb.config.ConfigurationFactory.configureApplication Configuring enterprise application: /home/jenkins/Desktop/FORMATION/hello/target/apache-tomee/webapps/hello-0.0.1-SNAPSHOT
25-Apr-2024 15:25:32.612 INFO [main] org.apache.openejb.config.ConfigurationFactory.configureService Configuring Service(id=Default Managed Container, type=Container, provider-id=Default Managed Container)
25-Apr-2024 15:25:32.614 INFO [main] org.apache.openejb.config.AutoConfig.createContainer Auto-creating a container for bean hello-0.0.1-SNAPSHOT.Comp1368193098: Container(type=MANAGED, id=Default Managed Container)
25-Apr-2024 15:25:32.614 INFO [main] org.apache.openejb.assembler.classic.Assembler.createRecipe Creating Container(id=Default Managed Container)
25-Apr-2024 15:25:32.618 INFO [main] org.apache.openejb.core.managed.SimplePassivater.init Using directory /home/jenkins/Desktop/FORMATION/hello/target/apache-tomee/temp for stateful session passivation
25-Apr-2024 15:25:32.738 INFO [main] org.apache.openejb.config.AppInfoBuilder.build Enterprise application "/home/jenkins/Desktop/FORMATION/hello/target/apache-tomee/webapps/hello-0.0.1-SNAPSHOT" loaded.
25-Apr-2024 15:25:32.758 INFO [main] org.apache.openejb.assembler.classic.Assembler.createApplication Assembling app: /home/jenkins/Desktop/FORMATION/hello/target/apache-tomee/webapps/hello-0.0.1-SNAPSHOT
25-Apr-2024 15:25:33.039 WARNING [main] org.apache.batchee.container.services.ServicesManager.init You didn't specify org.apache.batchee.jmx.application and JMX is already registered, skipping
25-Apr-2024 15:25:33.045 INFO [main] org.apache.openejb.assembler.classic.Assembler.createApplication Deployed Application(path=/home/jenkins/Desktop/FORMATION/hello/target/apache-tomee/webapps/hello-0.0.1-SNAPSHOT)
25-Apr-2024 15:25:33.246 INFO [main] org.apache.myfaces.ee.MyFacesContainerInitializer.onStartup Using org.apache.myfaces.ee.MyFacesContainerInitializer
25-Apr-2024 15:25:33.400 INFO [main] org.apache.jasper.servlet.TldScanner.scanJars At least one JAR was scanned for TLDs yet contained no TLDs. Enable debug logging for this logger for a complete list of JARs that were scanned but no TLDs were found in them. Skipping unneeded JARs during scanning can improve startup time and JSP compilation time.
25-Apr-2024 15:25:33.505 INFO [main] jdk.internal.reflect.DelegatingMethodAccessorImpl.invoke Deployment of web application archive [/home/jenkins/Desktop/FORMATION/hello/target/apache-tomee/webapps/hello-0.0.1-SNAPSHOT.war] has finished in [1,385] ms
25-Apr-2024 15:25:33.574 INFO [main] jdk.internal.reflect.DelegatingMethodAccessorImpl.invoke Server startup in [1684] milliseconds
